2023-02-22 10:40:28 - Starting C:\Program Files\nodejs\node.exe  --harmony D:\ServiceChemical\HNO3\node_modules\node-windows\lib\wrapper.js --file D:\ServiceChemical\HNO3\index.js --scriptoptions= --log "SonIOTChemical wrapper" --grow 0.25 --wait 1 --maxrestarts 3 --abortonerror n --stopparentfirst undefined
2023-02-22 10:40:28 - Started 10308
2023-03-15 17:40:44 - Stopping soniotchemical.exe
2023-03-15 17:40:44 - ProcessKill 10308
2023-03-15 17:40:44 - Shutdown exception
Message:A system shutdown is in progress.

Stacktrace:   at System.Runtime.InteropServices.Marshal.ThrowExceptionForHRInternal(Int32 errorCode, IntPtr errorInfo)
   at System.Management.ManagementScope.InitializeGuts(Object o)
   at System.Management.ManagementScope.Initialize()
   at System.Management.ManagementObjectSearcher.Initialize()
   at System.Management.ManagementObjectSearcher.Get()
   at winsw.WrapperService.GetChildPids(Int32 pid)
   at winsw.WrapperService.StopProcessAndChildren(Int32 pid)
   at winsw.WrapperService.StopIt()
   at winsw.WrapperService.OnShutdown()
2023-03-15 17:41:18 - Starting C:\Program Files\nodejs\node.exe  --harmony D:\ServiceChemical\HNO3\node_modules\node-windows\lib\wrapper.js --file D:\ServiceChemical\HNO3\index.js --scriptoptions= --log "SonIOTChemical wrapper" --grow 0.25 --wait 1 --maxrestarts 3 --abortonerror n --stopparentfirst undefined
2023-03-15 17:41:18 - Started 5616
2023-04-13 03:47:10 - Stopping soniotchemical.exe
2023-04-13 03:47:10 - Finished soniotchemical.exe
2023-04-13 03:47:56 - Starting C:\Program Files\nodejs\node.exe  --harmony D:\ServiceChemical\HNO3\node_modules\node-windows\lib\wrapper.js --file D:\ServiceChemical\HNO3\index.js --scriptoptions= --log "SonIOTChemical wrapper" --grow 0.25 --wait 1 --maxrestarts 3 --abortonerror n --stopparentfirst undefined
2023-04-13 03:47:56 - Started 5648
2023-05-10 22:11:59 - Stopping soniotchemical.exe
2023-05-10 22:11:59 - Finished soniotchemical.exe
2023-05-10 22:13:15 - Starting C:\Program Files\nodejs\node.exe  --harmony D:\ServiceChemical\HNO3\node_modules\node-windows\lib\wrapper.js --file D:\ServiceChemical\HNO3\index.js --scriptoptions= --log "SonIOTChemical wrapper" --grow 0.25 --wait 1 --maxrestarts 3 --abortonerror n --stopparentfirst undefined
2023-05-10 22:13:15 - Started 5648
2023-06-08 09:39:08 - Stopping soniotchemical.exe
2023-06-08 09:39:08 - Finished soniotchemical.exe
2023-06-08 09:39:49 - Starting C:\Program Files\nodejs\node.exe  --harmony D:\ServiceChemical\HNO3\node_modules\node-windows\lib\wrapper.js --file D:\ServiceChemical\HNO3\index.js --scriptoptions= --log "SonIOTChemical wrapper" --grow 0.25 --wait 1 --maxrestarts 3 --abortonerror n --stopparentfirst undefined
2023-06-08 09:39:49 - Started 5732
2023-06-14 17:34:38 - Stopping soniotchemical.exe
2023-06-14 17:34:38 - ProcessKill 5732
2023-06-14 17:34:39 - Shutdown exception
Message:A system shutdown is in progress.

Stacktrace:   at System.Runtime.InteropServices.Marshal.ThrowExceptionForHRInternal(Int32 errorCode, IntPtr errorInfo)
   at System.Management.ManagementScope.InitializeGuts(Object o)
   at System.Management.ManagementScope.Initialize()
   at System.Management.ManagementObjectSearcher.Initialize()
   at System.Management.ManagementObjectSearcher.Get()
   at winsw.WrapperService.GetChildPids(Int32 pid)
   at winsw.WrapperService.StopProcessAndChildren(Int32 pid)
   at winsw.WrapperService.StopIt()
   at winsw.WrapperService.OnShutdown()
2023-06-14 17:35:19 - Starting C:\Program Files\nodejs\node.exe  --harmony D:\ServiceChemical\HNO3\node_modules\node-windows\lib\wrapper.js --file D:\ServiceChemical\HNO3\index.js --scriptoptions= --log "SonIOTChemical wrapper" --grow 0.25 --wait 1 --maxrestarts 3 --abortonerror n --stopparentfirst undefined
2023-06-14 17:35:19 - Started 5692
2023-06-14 23:30:20 - Stopping soniotchemical.exe
2023-06-14 23:30:20 - ProcessKill 5692
2023-06-14 23:30:20 - Shutdown exception
Message:A system shutdown is in progress.

Stacktrace:   at System.Runtime.InteropServices.Marshal.ThrowExceptionForHRInternal(Int32 errorCode, IntPtr errorInfo)
   at System.Management.ManagementScope.InitializeGuts(Object o)
   at System.Management.ManagementScope.Initialize()
   at System.Management.ManagementObjectSearcher.Initialize()
   at System.Management.ManagementObjectSearcher.Get()
   at winsw.WrapperService.GetChildPids(Int32 pid)
   at winsw.WrapperService.StopProcessAndChildren(Int32 pid)
   at winsw.WrapperService.StopIt()
   at winsw.WrapperService.OnShutdown()
2023-06-14 23:30:58 - Starting C:\Program Files\nodejs\node.exe  --harmony D:\ServiceChemical\HNO3\node_modules\node-windows\lib\wrapper.js --file D:\ServiceChemical\HNO3\index.js --scriptoptions= --log "SonIOTChemical wrapper" --grow 0.25 --wait 1 --maxrestarts 3 --abortonerror n --stopparentfirst undefined
2023-06-14 23:30:59 - Started 5316
2023-07-12 17:36:50 - Stopping soniotchemical.exe
2023-07-12 17:36:50 - Finished soniotchemical.exe
2023-07-12 17:37:39 - Starting C:\Program Files\nodejs\node.exe  --harmony D:\ServiceChemical\HNO3\node_modules\node-windows\lib\wrapper.js --file D:\ServiceChemical\HNO3\index.js --scriptoptions= --log "SonIOTChemical wrapper" --grow 0.25 --wait 1 --maxrestarts 3 --abortonerror n --stopparentfirst undefined
2023-07-12 17:37:40 - Started 5740
